<?xml version="1.0" encoding="UTF-8"?>
<testsuite xmlns:xsi="http://www.w3.org/2001/XMLSchema-instance" xsi:noNamespaceSchemaLocation="https://maven.apache.org/surefire/maven-surefire-plugin/xsd/surefire-test-report-3.0.xsd" version="3.0" name="org.apache.commons.mail.EmailTest" time="2.904" tests="23" errors="0" skipped="0" failures="0">
  <properties>
    <property name="java.specification.version" value="22"/>
    <property name="sun.cpu.isalist" value="amd64"/>
    <property name="sun.jnu.encoding" value="Cp1252"/>
    <property name="java.class.path" value="C:\Users\jenna\eclipse-workspace\Mathison_Jenna.zip_expanded\commons-email\target\test-classes;C:\Users\jenna\eclipse-workspace\Mathison_Jenna.zip_expanded\commons-email\target\classes;C:\Users\jenna\.m2\repository\javax\mail\mail\1.4.5\mail-1.4.5.jar;C:\Users\jenna\.m2\repository\javax\activation\activation\1.1.1\activation-1.1.1.jar;C:\Users\jenna\.m2\repository\commons-io\commons-io\2.2\commons-io-2.2.jar;C:\Users\jenna\.m2\repository\org\subethamail\subethasmtp\3.1.7\subethasmtp-3.1.7.jar;C:\Users\jenna\.m2\repository\org\slf4j\slf4j-api\1.6.1\slf4j-api-1.6.1.jar;C:\Users\jenna\.m2\repository\com\google\code\findbugs\jsr305\1.3.9\jsr305-1.3.9.jar;C:\Users\jenna\.m2\repository\org\powermock\powermock-module-junit4\1.4.12\powermock-module-junit4-1.4.12.jar;C:\Users\jenna\.m2\repository\junit\junit\4.8.2\junit-4.8.2.jar;C:\Users\jenna\.m2\repository\org\powermock\powermock-module-junit4-common\1.4.12\powermock-module-junit4-common-1.4.12.jar;C:\Users\jenna\.m2\repository\org\powermock\powermock-core\1.4.12\powermock-core-1.4.12.jar;C:\Users\jenna\.m2\repository\org\javassist\javassist\3.16.1-GA\javassist-3.16.1-GA.jar;C:\Users\jenna\.m2\repository\org\powermock\powermock-reflect\1.4.12\powermock-reflect-1.4.12.jar;C:\Users\jenna\.m2\repository\org\powermock\powermock-api-easymock\1.4.12\powermock-api-easymock-1.4.12.jar;C:\Users\jenna\.m2\repository\org\powermock\powermock-api-support\1.4.12\powermock-api-support-1.4.12.jar;C:\Users\jenna\.m2\repository\org\easymock\easymock\3.1\easymock-3.1.jar;C:\Users\jenna\.m2\repository\cglib\cglib-nodep\2.2.2\cglib-nodep-2.2.2.jar;C:\Users\jenna\.m2\repository\org\objenesis\objenesis\1.2\objenesis-1.2.jar;C:\Users\jenna\.m2\repository\org\slf4j\slf4j-jdk14\1.6.1\slf4j-jdk14-1.6.1.jar;C:\Users\jenna\.m2\repository\org\junit\jupiter\junit-jupiter\5.10.2\junit-jupiter-5.10.2.jar;C:\Users\jenna\.m2\repository\org\junit\jupiter\junit-jupiter-params\5.10.2\junit-jupiter-params-5.10.2.jar;C:\Users\jenna\.m2\repository\org\junit\jupiter\junit-jupiter-engine\5.10.2\junit-jupiter-engine-5.10.2.jar;C:\Users\jenna\.m2\repository\org\junit\platform\junit-platform-engine\1.10.2\junit-platform-engine-1.10.2.jar;C:\Users\jenna\.m2\repository\org\apiguardian\apiguardian-api\1.1.2\apiguardian-api-1.1.2.jar;C:\Users\jenna\.m2\repository\org\junit\jupiter\junit-jupiter-api\5.10.2\junit-jupiter-api-5.10.2.jar;C:\Users\jenna\.m2\repository\org\opentest4j\opentest4j\1.3.0\opentest4j-1.3.0.jar;C:\Users\jenna\.m2\repository\org\junit\platform\junit-platform-commons\1.10.2\junit-platform-commons-1.10.2.jar;"/>
    <property name="java.vm.vendor" value="Oracle Corporation"/>
    <property name="sun.arch.data.model" value="64"/>
    <property name="user.variant" value=""/>
    <property name="java.vendor.url" value="https://java.oracle.com/"/>
    <property name="user.timezone" value="America/New_York"/>
    <property name="os.name" value="Windows 11"/>
    <property name="java.vm.specification.version" value="22"/>
    <property name="sun.java.launcher" value="SUN_STANDARD"/>
    <property name="user.country" value="US"/>
    <property name="sun.boot.library.path" value="C:\Users\jenna\.jdks\openjdk-22\bin"/>
    <property name="sun.java.command" value="C:\Users\jenna\AppData\Local\Temp\surefire18237344024680305170\surefirebooter-20240401124121985_3.jar C:\Users\jenna\AppData\Local\Temp\surefire18237344024680305170 2024-04-01T12-41-21_419-jvmRun1 surefire-20240401124121985_1tmp surefire_0-20240401124121985_2tmp"/>
    <property name="jdk.debug" value="release"/>
    <property name="surefire.test.class.path" value="C:\Users\jenna\eclipse-workspace\Mathison_Jenna.zip_expanded\commons-email\target\test-classes;C:\Users\jenna\eclipse-workspace\Mathison_Jenna.zip_expanded\commons-email\target\classes;C:\Users\jenna\.m2\repository\javax\mail\mail\1.4.5\mail-1.4.5.jar;C:\Users\jenna\.m2\repository\javax\activation\activation\1.1.1\activation-1.1.1.jar;C:\Users\jenna\.m2\repository\commons-io\commons-io\2.2\commons-io-2.2.jar;C:\Users\jenna\.m2\repository\org\subethamail\subethasmtp\3.1.7\subethasmtp-3.1.7.jar;C:\Users\jenna\.m2\repository\org\slf4j\slf4j-api\1.6.1\slf4j-api-1.6.1.jar;C:\Users\jenna\.m2\repository\com\google\code\findbugs\jsr305\1.3.9\jsr305-1.3.9.jar;C:\Users\jenna\.m2\repository\org\powermock\powermock-module-junit4\1.4.12\powermock-module-junit4-1.4.12.jar;C:\Users\jenna\.m2\repository\junit\junit\4.8.2\junit-4.8.2.jar;C:\Users\jenna\.m2\repository\org\powermock\powermock-module-junit4-common\1.4.12\powermock-module-junit4-common-1.4.12.jar;C:\Users\jenna\.m2\repository\org\powermock\powermock-core\1.4.12\powermock-core-1.4.12.jar;C:\Users\jenna\.m2\repository\org\javassist\javassist\3.16.1-GA\javassist-3.16.1-GA.jar;C:\Users\jenna\.m2\repository\org\powermock\powermock-reflect\1.4.12\powermock-reflect-1.4.12.jar;C:\Users\jenna\.m2\repository\org\powermock\powermock-api-easymock\1.4.12\powermock-api-easymock-1.4.12.jar;C:\Users\jenna\.m2\repository\org\powermock\powermock-api-support\1.4.12\powermock-api-support-1.4.12.jar;C:\Users\jenna\.m2\repository\org\easymock\easymock\3.1\easymock-3.1.jar;C:\Users\jenna\.m2\repository\cglib\cglib-nodep\2.2.2\cglib-nodep-2.2.2.jar;C:\Users\jenna\.m2\repository\org\objenesis\objenesis\1.2\objenesis-1.2.jar;C:\Users\jenna\.m2\repository\org\slf4j\slf4j-jdk14\1.6.1\slf4j-jdk14-1.6.1.jar;C:\Users\jenna\.m2\repository\org\junit\jupiter\junit-jupiter\5.10.2\junit-jupiter-5.10.2.jar;C:\Users\jenna\.m2\repository\org\junit\jupiter\junit-jupiter-params\5.10.2\junit-jupiter-params-5.10.2.jar;C:\Users\jenna\.m2\repository\org\junit\jupiter\junit-jupiter-engine\5.10.2\junit-jupiter-engine-5.10.2.jar;C:\Users\jenna\.m2\repository\org\junit\platform\junit-platform-engine\1.10.2\junit-platform-engine-1.10.2.jar;C:\Users\jenna\.m2\repository\org\apiguardian\apiguardian-api\1.1.2\apiguardian-api-1.1.2.jar;C:\Users\jenna\.m2\repository\org\junit\jupiter\junit-jupiter-api\5.10.2\junit-jupiter-api-5.10.2.jar;C:\Users\jenna\.m2\repository\org\opentest4j\opentest4j\1.3.0\opentest4j-1.3.0.jar;C:\Users\jenna\.m2\repository\org\junit\platform\junit-platform-commons\1.10.2\junit-platform-commons-1.10.2.jar;"/>
    <property name="sun.cpu.endian" value="little"/>
    <property name="user.home" value="C:\Users\jenna"/>
    <property name="user.language" value="en"/>
    <property name="java.specification.vendor" value="Oracle Corporation"/>
    <property name="java.version.date" value="2024-03-19"/>
    <property name="java.home" value="C:\Users\jenna\.jdks\openjdk-22"/>
    <property name="file.separator" value="\"/>
    <property name="basedir" value="C:\Users\jenna\eclipse-workspace\Mathison_Jenna.zip_expanded\commons-email"/>
    <property name="style.color" value="always"/>
    <property name="java.vm.compressedOopsMode" value="Zero based"/>
    <property name="line.separator" value="&#10;"/>
    <property name="java.vm.specification.vendor" value="Oracle Corporation"/>
    <property name="java.specification.name" value="Java Platform API Specification"/>
    <property name="surefire.real.class.path" value="C:\Users\jenna\AppData\Local\Temp\surefire18237344024680305170\surefirebooter-20240401124121985_3.jar"/>
    <property name="user.script" value=""/>
    <property name="sun.management.compiler" value="HotSpot 64-Bit Tiered Compilers"/>
    <property name="java.runtime.version" value="22+36-2370"/>
    <property name="user.name" value="jenna"/>
    <property name="stdout.encoding" value="Cp1252"/>
    <property name="path.separator" value=";"/>
    <property name="os.version" value="10.0"/>
    <property name="java.runtime.name" value="OpenJDK Runtime Environment"/>
    <property name="file.encoding" value="UTF-8"/>
    <property name="java.vm.name" value="OpenJDK 64-Bit Server VM"/>
    <property name="localRepository" value="C:\Users\jenna\.m2\repository"/>
    <property name="java.vendor.url.bug" value="https://bugreport.java.com/bugreport/"/>
    <property name="java.io.tmpdir" value="C:\Users\jenna\AppData\Local\Temp\"/>
    <property name="java.version" value="22"/>
    <property name="user.dir" value="C:\Users\jenna\eclipse-workspace\Mathison_Jenna.zip_expanded\commons-email"/>
    <property name="os.arch" value="amd64"/>
    <property name="java.vm.specification.name" value="Java Virtual Machine Specification"/>
    <property name="sun.os.patch.level" value=""/>
    <property name="native.encoding" value="Cp1252"/>
    <property name="java.library.path" value="C:\Users\jenna\.jdks\openjdk-22\bin;C:\Windows\Sun\Java\bin;C:\Windows\system32;C:\Windows;C:/Users/jenna/.jdks/openjdk-22/bin/server;C:/Users/jenna/.jdks/openjdk-22/bin;C:\Program Files\Common Files\Oracle\Java\javapath;C:\Program Files\Python312\Scripts\;C:\Program Files\Python312\;C:\Windows\system32;C:\Windows;C:\Windows\System32\Wbem;C:\Windows\System32\WindowsPowerShell\v1.0\;C:\Windows\System32\OpenSSH\;C:\Program Files\Microsoft VS Code\bin;C:\Program Files\dotnet\;C:\Program Files\Git\cmd;C:\Program Files\nodejs\;C:\Program Files\Docker\Docker\resources\bin;C:\Users\jenna\AppData\Local\Microsoft\WindowsApps;C:\Users\jenna\AppData\Roaming\npm;C:\Users\jenna\.dotnet\tools;C:\Windows\System32;;."/>
    <property name="java.vm.info" value="mixed mode, sharing"/>
    <property name="stderr.encoding" value="Cp1252"/>
    <property name="java.vendor" value="Oracle Corporation"/>
    <property name="java.vm.version" value="22+36-2370"/>
    <property name="sun.io.unicode.encoding" value="UnicodeLittle"/>
    <property name="java.class.version" value="66.0"/>
  </properties>
  <testcase name="addBcc" classname="org.apache.commons.mail.EmailTest" time="0.02"/>
  <testcase name="addBccEmpty" classname="org.apache.commons.mail.EmailTest" time="0.001"/>
  <testcase name="getSocketConnectionTimeout" classname="org.apache.commons.mail.EmailTest" time="0.001"/>
  <testcase name="addReplyTo" classname="org.apache.commons.mail.EmailTest" time="0.006"/>
  <testcase name="buildMimeMessageNoFrom" classname="org.apache.commons.mail.EmailTest" time="0.015"/>
  <testcase name="getMailSessionNullHost" classname="org.apache.commons.mail.EmailTest" time="0.002"/>
  <testcase name="getSentDate" classname="org.apache.commons.mail.EmailTest" time="0.006"/>
  <testcase name="buildMimeMessageBody" classname="org.apache.commons.mail.EmailTest" time="0.008"/>
  <testcase name="buildMimeMessageFull" classname="org.apache.commons.mail.EmailTest" time="0.003"/>
  <testcase name="getMailSessionEmpty" classname="org.apache.commons.mail.EmailTest" time="0.008"/>
  <testcase name="addHeader" classname="org.apache.commons.mail.EmailTest" time="0.002"/>
  <testcase name="addCc" classname="org.apache.commons.mail.EmailTest" time="0.001"/>
  <testcase name="buildMimeMessageNoReceiver" classname="org.apache.commons.mail.EmailTest" time="0.003"/>
  <testcase name="getHostNameWithSession" classname="org.apache.commons.mail.EmailTest" time="0.002"/>
  <testcase name="getSentDateNull" classname="org.apache.commons.mail.EmailTest" time="0.001"/>
  <testcase name="buildMimeMessageEmpty" classname="org.apache.commons.mail.EmailTest" time="0.002"/>
  <testcase name="getMailSessionFull" classname="org.apache.commons.mail.EmailTest" time="0.002"/>
  <testcase name="buildMimeMessagePopError" classname="org.apache.commons.mail.EmailTest" time="2.744"/>
  <testcase name="addBccNull" classname="org.apache.commons.mail.EmailTest" time="0.001"/>
  <testcase name="getHostName" classname="org.apache.commons.mail.EmailTest" time="0.001"/>
  <testcase name="getHostNameNull" classname="org.apache.commons.mail.EmailTest" time="0.001"/>
  <testcase name="getMailSessionNotNull" classname="org.apache.commons.mail.EmailTest" time="0.004"/>
  <testcase name="setFrom" classname="org.apache.commons.mail.EmailTest" time="0.001"/>
</testsuite>